<?xml version="1.0" encoding="UTF-8"?>
<!-- Generated by org.testng.reporters.JUnitReportReporter -->
<testsuite skipped="0" hostname="VAISING2-1CGWW" name="com.inetbanking.testCases.TC_LoginTest_TC001" tests="1" failures="0" timestamp="15 Sep 2020 19:23:57 GMT" time="1.848" errors="0">
  <testcase name="loginTest" time="1.848" classname="com.inetbanking.testCases.TC_LoginTest_TC001"/>
</testsuite> <!-- com.inetbanking.testCases.TC_LoginTest_TC001 -->
