<?xml version="1.0" encoding="UTF-8"?>
<!-- Generated by org.testng.reporters.JUnitReportReporter -->
<testsuite skipped="0" hostname="VAISING2-1CGWW" name="com.inetbanking.testCases.TC_LoginTest_TC001" tests="1" failures="0" timestamp="16 Sep 2020 15:15:56 GMT" time="2.157" errors="0">
  <testcase name="loginTest" time="2.157" classname="com.inetbanking.testCases.TC_LoginTest_TC001"/>
</testsuite> <!-- com.inetbanking.testCases.TC_LoginTest_TC001 -->
